org.cometd.java:bayeux-api:2.4.2 is dependency of org.cometd.java:cometd-java-server:2.4.2, indexing...
org.cometd.java:bayeux-api:2.4.2 indexed.
org.cometd.java:bayeux-api:2.4.2 is dependency of org.cometd.java:cometd-java-common:2.4.2, indexing...
org.cometd.java:bayeux-api:2.7.0 is dependency of org.cometd.java:cometd-java-server:2.7.0, indexing...
org.cometd.java:bayeux-api:2.7.0 indexed.
org.cometd.java:bayeux-api:2.7.0 is dependency of org.cometd.java:cometd-java-common:2.7.0, indexing...
org.cometd.java:bayeux-api:2.8.0 is dependency of org.cometd.java:cometd-java-server:2.8.0, indexing...
org.cometd.java:bayeux-api:2.8.0 indexed.
org.cometd.java:bayeux-api:2.8.0 is dependency of org.cometd.java:cometd-java-common:2.8.0, indexing...
org.cometd.java:cometd-java-common:2.4.2 is dependency of org.cometd.java:cometd-java-server:2.4.2, indexing...
org.cometd.java:cometd-java-common:2.4.2 has dependencies: org.cometd.java:bayeux-api:2.4.2, org.eclipse.jetty:jetty-util:7.6.3.v20120416, org.slf4j:slf4j-api:1.6.4
org.cometd.java:cometd-java-common:2.4.2 not indexable, depends on org.slf4j:slf4j-api:1.6.4.
org.cometd.java:cometd-java-common:2.7.0 is dependency of org.cometd.java:cometd-java-server:2.7.0, indexing...
org.cometd.java:cometd-java-common:2.7.0 has dependencies: org.cometd.java:bayeux-api:2.7.0, org.eclipse.jetty:jetty-util:7.6.13.v20130916, org.slf4j:slf4j-api:1.7.5
org.cometd.java:cometd-java-common:2.7.0 not indexable, depends on org.slf4j:slf4j-api:1.7.5.
org.cometd.java:cometd-java-common:2.8.0 is dependency of org.cometd.java:cometd-java-server:2.8.0, indexing...
org.cometd.java:cometd-java-common:2.8.0 has dependencies: org.cometd.java:bayeux-api:2.8.0, org.eclipse.jetty:jetty-util:7.6.14.v20131031, org.slf4j:slf4j-api:1.7.6
org.cometd.java:cometd-java-common:2.8.0 not indexable, depends on org.slf4j:slf4j-api:1.7.6.
org.cometd.java:cometd-java-server:2.4.2 is dependency of org.apache.felix:org.apache.felix.http.cometd:2.2.1, indexing...
org.cometd.java:cometd-java-server:2.4.2 has dependencies: javax.servlet:servlet-api:2.5, org.cometd.java:bayeux-api:2.4.2, org.cometd.java:cometd-java-common:2.4.2, org.eclipse.jetty:jetty-continuation:7.6.3.v20120416, org.eclipse.jetty:jetty-util:7.6.3.v20120416, org.eclipse.jetty:jetty-jmx:7.6.3.v20120416, org.slf4j:slf4j-api:1.6.4
org.cometd.java:cometd-java-server:2.4.2 not indexable, depends on org.cometd.java:cometd-java-common:2.4.2.
org.cometd.java:cometd-java-server:2.7.0 is dependency of org.apache.felix:org.apache.felix.http.cometd:2.2.2, indexing...
org.cometd.java:cometd-java-server:2.7.0 has dependencies: javax.servlet:servlet-api:2.5, org.cometd.java:bayeux-api:2.7.0, org.cometd.java:cometd-java-common:2.7.0, org.eclipse.jetty:jetty-continuation:7.6.13.v20130916, org.eclipse.jetty:jetty-util:7.6.13.v20130916, org.eclipse.jetty:jetty-jmx:7.6.13.v20130916, org.slf4j:slf4j-api:1.7.5
org.cometd.java:cometd-java-server:2.7.0 not indexable, depends on org.cometd.java:cometd-java-common:2.7.0.
org.cometd.java:cometd-java-server:2.8.0 is dependency of org.apache.felix:org.apache.felix.http.cometd:2.3.0, indexing...
org.cometd.java:cometd-java-server:2.8.0 has dependencies: javax.servlet:servlet-api:2.5, org.cometd.java:bayeux-api:2.8.0, org.cometd.java:cometd-java-common:2.8.0, org.eclipse.jetty:jetty-continuation:7.6.14.v20131031, org.eclipse.jetty:jetty-util:7.6.14.v20131031, org.eclipse.jetty:jetty-jmx:7.6.14.v20131031, org.slf4j:slf4j-api:1.7.6
org.cometd.java:cometd-java-server:2.8.0 not indexable, depends on org.cometd.java:cometd-java-common:2.8.0.
org.cometd.java:cometd-java-server:2.8.0 is dependency of org.apache.felix:org.apache.felix.http.cometd:2.3.2, indexing...
