org.ow2.asm:asm:7.0 is dependency of org.ow2.asm:asm-tree:7.0, indexing...
org.ow2.asm:asm:7.0 indexed.
org.ow2.asm:asm:7.0 is dependency of org.ow2.asm:asm-commons:7.0, indexing...
org.ow2.asm:asm:7.0 is dependency of org.apache.aries.spifly:org.apache.aries.spifly.dynamic.bundle:1.1, indexing...
org.ow2.asm:asm:7.0 is dependency of org.ow2.asm:asm-util:7.0, indexing...
org.ow2.asm:asm:8.0.1 is dependency of org.ow2.asm:asm-tree:8.0.1, indexing...
org.ow2.asm:asm:8.0.1 indexed.
org.ow2.asm:asm:8.0.1 is dependency of org.ow2.asm:asm-commons:8.0.1, indexing...
org.ow2.asm:asm:8.0.1 is dependency of org.apache.aries.spifly:org.apache.aries.spifly.dynamic.bundle:1.3.0, indexing...
org.ow2.asm:asm:8.0.1 is dependency of org.ow2.asm:asm-util:8.0.1, indexing...
org.ow2.asm:asm:9.0 is dependency of org.ow2.asm:asm-tree:9.0, indexing...
org.ow2.asm:asm:9.0 indexed.
org.ow2.asm:asm:9.0 is dependency of org.ow2.asm:asm-util:9.0, indexing...
org.ow2.asm:asm:9.0 is dependency of org.ow2.asm:asm-commons:9.0, indexing...
org.ow2.asm:asm:9.0 is dependency of org.apache.aries.spifly:org.apache.aries.spifly.dynamic.bundle:1.3.1, indexing...
org.ow2.asm:asm:9.0 is dependency of org.apache.aries.spifly:org.apache.aries.spifly.dynamic.bundle:1.3.2, indexing...
org.ow2.asm:asm:9.1 is dependency of org.apache.aries.spifly:org.apache.aries.spifly.dynamic.bundle:1.3.3, indexing...
org.ow2.asm:asm:9.1 indexed.
org.ow2.asm:asm:9.1 is dependency of org.ow2.asm:asm-commons:9.1, indexing...
org.ow2.asm:asm:9.1 is dependency of org.ow2.asm:asm-tree:9.1, indexing...
org.ow2.asm:asm:9.1 is dependency of org.ow2.asm:asm-util:9.1, indexing...
org.ow2.asm:asm:9.1 is dependency of org.apache.aries.spifly:org.apache.aries.spifly.weaver-internal:1.3.3, indexing...
org.ow2.asm:asm:9.2 is dependency of org.apache.aries.spifly:org.apache.aries.spifly.dynamic.bundle:1.3.4, indexing...
org.ow2.asm:asm:9.2 indexed.
org.ow2.asm:asm:9.2 is dependency of org.ow2.asm:asm-commons:9.2, indexing...
org.ow2.asm:asm:9.2 is dependency of org.ow2.asm:asm-tree:9.2, indexing...
org.ow2.asm:asm:9.2 is dependency of org.ow2.asm:asm-util:9.2, indexing...
org.ow2.asm:asm:9.2 is dependency of org.apache.aries.spifly:org.apache.aries.spifly.weaver-internal:1.3.4, indexing...
org.ow2.asm:asm-all:5.0.2 is dependency of org.apache.felix:org.apache.felix.ipojo.manipulator:1.12.0, indexing...
org.ow2.asm:asm-all:5.0.2 indexed.
org.ow2.asm:asm-all:5.0.2 is dependency of org.apache.felix:org.apache.felix.ipojo.manipulator:1.12.1, indexing...
org.ow2.asm:asm-all:5.0.2 is dependency of org.apache.felix:org.apache.felix.ipojo:1.12.0, indexing...
org.ow2.asm:asm-all:5.0.2 is dependency of org.apache.felix:org.apache.felix.ipojo:1.12.1, indexing...
org.ow2.asm:asm-all:5.2 is dependency of org.apache.felix:osgicheck-maven-plugin:0.1.0, indexing...
org.ow2.asm:asm-all:5.2 indexed.
org.ow2.asm:asm-analysis:7.0 is dependency of org.ow2.asm:asm-commons:7.0, indexing...
org.ow2.asm:asm-analysis:7.0 has dependencies: org.ow2.asm:asm-tree:7.0
org.ow2.asm:asm-analysis:7.0 indexed.
org.ow2.asm:asm-analysis:7.0 is dependency of org.ow2.asm:asm-util:7.0, indexing...
org.ow2.asm:asm-analysis:8.0.1 is dependency of org.ow2.asm:asm-commons:8.0.1, indexing...
org.ow2.asm:asm-analysis:8.0.1 has dependencies: org.ow2.asm:asm-tree:8.0.1
org.ow2.asm:asm-analysis:8.0.1 indexed.
org.ow2.asm:asm-analysis:8.0.1 is dependency of org.ow2.asm:asm-util:8.0.1, indexing...
org.ow2.asm:asm-analysis:9.0 is dependency of org.ow2.asm:asm-util:9.0, indexing...
org.ow2.asm:asm-analysis:9.0 has dependencies: org.ow2.asm:asm-tree:9.0
org.ow2.asm:asm-analysis:9.0 indexed.
org.ow2.asm:asm-analysis:9.0 is dependency of org.ow2.asm:asm-commons:9.0, indexing...
org.ow2.asm:asm-analysis:9.1 is dependency of org.ow2.asm:asm-commons:9.1, indexing...
org.ow2.asm:asm-analysis:9.1 has dependencies: org.ow2.asm:asm-tree:9.1
org.ow2.asm:asm-analysis:9.1 indexed.
org.ow2.asm:asm-analysis:9.1 is dependency of org.ow2.asm:asm-util:9.1, indexing...
org.ow2.asm:asm-analysis:9.2 is dependency of org.ow2.asm:asm-commons:9.2, indexing...
org.ow2.asm:asm-analysis:9.2 has dependencies: org.ow2.asm:asm-tree:9.2
org.ow2.asm:asm-analysis:9.2 indexed.
org.ow2.asm:asm-analysis:9.2 is dependency of org.ow2.asm:asm-util:9.2, indexing...
org.ow2.asm:asm-commons:7.0 is dependency of org.apache.aries.spifly:org.apache.aries.spifly.dynamic.bundle:1.1, indexing...
org.ow2.asm:asm-commons:7.0 has dependencies: org.ow2.asm:asm-tree:7.0, org.ow2.asm:asm:7.0, org.ow2.asm:asm-analysis:7.0
org.ow2.asm:asm-commons:7.0 indexed.
org.ow2.asm:asm-commons:8.0.1 is dependency of org.apache.aries.spifly:org.apache.aries.spifly.dynamic.bundle:1.3.0, indexing...
org.ow2.asm:asm-commons:8.0.1 has dependencies: org.ow2.asm:asm-analysis:8.0.1, org.ow2.asm:asm:8.0.1, org.ow2.asm:asm-tree:8.0.1
org.ow2.asm:asm-commons:8.0.1 indexed.
org.ow2.asm:asm-commons:9.0 is dependency of org.apache.aries.spifly:org.apache.aries.spifly.dynamic.bundle:1.3.1, indexing...
org.ow2.asm:asm-commons:9.0 has dependencies: org.ow2.asm:asm-analysis:9.0, org.ow2.asm:asm:9.0, org.ow2.asm:asm-tree:9.0
org.ow2.asm:asm-commons:9.0 indexed.
org.ow2.asm:asm-commons:9.0 is dependency of org.apache.aries.spifly:org.apache.aries.spifly.dynamic.bundle:1.3.2, indexing...
org.ow2.asm:asm-commons:9.1 is dependency of org.apache.aries.spifly:org.apache.aries.spifly.dynamic.bundle:1.3.3, indexing...
org.ow2.asm:asm-commons:9.1 has dependencies: org.ow2.asm:asm:9.1, org.ow2.asm:asm-tree:9.1, org.ow2.asm:asm-analysis:9.1
org.ow2.asm:asm-commons:9.1 indexed.
org.ow2.asm:asm-commons:9.1 is dependency of org.apache.aries.spifly:org.apache.aries.spifly.weaver-internal:1.3.3, indexing...
org.ow2.asm:asm-commons:9.2 is dependency of org.apache.aries.spifly:org.apache.aries.spifly.dynamic.bundle:1.3.4, indexing...
org.ow2.asm:asm-commons:9.2 has dependencies: org.ow2.asm:asm:9.2, org.ow2.asm:asm-tree:9.2, org.ow2.asm:asm-analysis:9.2
org.ow2.asm:asm-commons:9.2 indexed.
org.ow2.asm:asm-commons:9.2 is dependency of org.apache.aries.spifly:org.apache.aries.spifly.weaver-internal:1.3.4, indexing...
org.ow2.asm:asm-debug-all:5.0.3 is dependency of org.apache.aries.spifly:org.apache.aries.spifly.dynamic.bundle:1.0.12, indexing...
org.ow2.asm:asm-debug-all:5.0.3 indexed.
org.ow2.asm:asm-debug-all:5.0.3 is dependency of org.apache.aries.spifly:org.apache.aries.spifly.dynamic.bundle:1.0.14, indexing...
org.ow2.asm:asm-tree:7.0 is dependency of org.ow2.asm:asm-commons:7.0, indexing...
org.ow2.asm:asm-tree:7.0 has dependencies: org.ow2.asm:asm:7.0
org.ow2.asm:asm-tree:7.0 indexed.
org.ow2.asm:asm-tree:7.0 is dependency of org.ow2.asm:asm-analysis:7.0, indexing...
org.ow2.asm:asm-tree:7.0 is dependency of org.ow2.asm:asm-util:7.0, indexing...
org.ow2.asm:asm-tree:8.0.1 is dependency of org.ow2.asm:asm-analysis:8.0.1, indexing...
org.ow2.asm:asm-tree:8.0.1 has dependencies: org.ow2.asm:asm:8.0.1
org.ow2.asm:asm-tree:8.0.1 indexed.
org.ow2.asm:asm-tree:8.0.1 is dependency of org.ow2.asm:asm-commons:8.0.1, indexing...
org.ow2.asm:asm-tree:8.0.1 is dependency of org.ow2.asm:asm-util:8.0.1, indexing...
org.ow2.asm:asm-tree:9.0 is dependency of org.ow2.asm:asm-util:9.0, indexing...
org.ow2.asm:asm-tree:9.0 has dependencies: org.ow2.asm:asm:9.0
org.ow2.asm:asm-tree:9.0 indexed.
org.ow2.asm:asm-tree:9.0 is dependency of org.ow2.asm:asm-analysis:9.0, indexing...
org.ow2.asm:asm-tree:9.0 is dependency of org.ow2.asm:asm-commons:9.0, indexing...
org.ow2.asm:asm-tree:9.1 is dependency of org.ow2.asm:asm-commons:9.1, indexing...
org.ow2.asm:asm-tree:9.1 has dependencies: org.ow2.asm:asm:9.1
org.ow2.asm:asm-tree:9.1 indexed.
org.ow2.asm:asm-tree:9.1 is dependency of org.ow2.asm:asm-analysis:9.1, indexing...
org.ow2.asm:asm-tree:9.1 is dependency of org.ow2.asm:asm-util:9.1, indexing...
org.ow2.asm:asm-tree:9.2 is dependency of org.ow2.asm:asm-commons:9.2, indexing...
org.ow2.asm:asm-tree:9.2 has dependencies: org.ow2.asm:asm:9.2
org.ow2.asm:asm-tree:9.2 indexed.
org.ow2.asm:asm-tree:9.2 is dependency of org.ow2.asm:asm-analysis:9.2, indexing...
org.ow2.asm:asm-tree:9.2 is dependency of org.ow2.asm:asm-util:9.2, indexing...
org.ow2.asm:asm-util:7.0 is dependency of org.apache.aries.spifly:org.apache.aries.spifly.dynamic.bundle:1.1, indexing...
org.ow2.asm:asm-util:7.0 has dependencies: org.ow2.asm:asm-analysis:7.0, org.ow2.asm:asm:7.0, org.ow2.asm:asm-tree:7.0
org.ow2.asm:asm-util:7.0 indexed.
org.ow2.asm:asm-util:8.0.1 is dependency of org.apache.aries.spifly:org.apache.aries.spifly.dynamic.bundle:1.3.0, indexing...
org.ow2.asm:asm-util:8.0.1 has dependencies: org.ow2.asm:asm:8.0.1, org.ow2.asm:asm-tree:8.0.1, org.ow2.asm:asm-analysis:8.0.1
org.ow2.asm:asm-util:8.0.1 indexed.
org.ow2.asm:asm-util:9.0 is dependency of org.apache.aries.spifly:org.apache.aries.spifly.dynamic.bundle:1.3.1, indexing...
org.ow2.asm:asm-util:9.0 has dependencies: org.ow2.asm:asm-tree:9.0, org.ow2.asm:asm:9.0, org.ow2.asm:asm-analysis:9.0
org.ow2.asm:asm-util:9.0 indexed.
org.ow2.asm:asm-util:9.0 is dependency of org.apache.aries.spifly:org.apache.aries.spifly.dynamic.bundle:1.3.2, indexing...
org.ow2.asm:asm-util:9.1 is dependency of org.apache.aries.spifly:org.apache.aries.spifly.dynamic.bundle:1.3.3, indexing...
org.ow2.asm:asm-util:9.1 has dependencies: org.ow2.asm:asm:9.1, org.ow2.asm:asm-tree:9.1, org.ow2.asm:asm-analysis:9.1
org.ow2.asm:asm-util:9.1 indexed.
org.ow2.asm:asm-util:9.1 is dependency of org.apache.aries.spifly:org.apache.aries.spifly.weaver-internal:1.3.3, indexing...
org.ow2.asm:asm-util:9.2 is dependency of org.apache.aries.spifly:org.apache.aries.spifly.dynamic.bundle:1.3.4, indexing...
org.ow2.asm:asm-util:9.2 has dependencies: org.ow2.asm:asm:9.2, org.ow2.asm:asm-tree:9.2, org.ow2.asm:asm-analysis:9.2
org.ow2.asm:asm-util:9.2 indexed.
org.ow2.asm:asm-util:9.2 is dependency of org.apache.aries.spifly:org.apache.aries.spifly.weaver-internal:1.3.4, indexing...
