biz.aQute.bnd:aQute.libg:5.3.0 is dependency of org.apache.aries.spifly:org.apache.aries.spifly.core-internal:1.3.3, indexing...
biz.aQute.bnd:aQute.libg:5.3.0 has dependencies: org.osgi:osgi.annotation:8.0.0, org.slf4j:slf4j-api:1.7.25, org.osgi:org.osgi.util.function:1.1.0, org.osgi:org.osgi.util.promise:1.1.1, org.osgi:osgi.core:6.0.0
biz.aQute.bnd:aQute.libg:5.3.0 indexed.
biz.aQute.bnd:aQute.libg:5.3.0 is dependency of org.apache.aries.spifly:org.apache.aries.spifly.core-internal:1.3.3, indexing...
biz.aQute.bnd:aQute.libg:5.3.0 is dependency of org.apache.aries.spifly:org.apache.aries.spifly.dynamic.bundle:1.3.3, indexing...
biz.aQute.bnd:aQute.libg:5.3.0 is dependency of org.apache.aries.spifly:org.apache.aries.spifly.core-internal:1.3.4, indexing...
biz.aQute.bnd:aQute.libg:5.3.0 is dependency of org.apache.aries.spifly:org.apache.aries.spifly.core-internal:1.3.4, indexing...
biz.aQute.bnd:aQute.libg:5.3.0 is dependency of org.apache.aries.spifly:org.apache.aries.spifly.dynamic.bundle:1.3.4, indexing...
biz.aQute.bnd:biz.aQute.bnd.annotation:5.0.1 is dependency of org.apache.felix.atomos.utils:org.apache.felix.atomos.utils.substrate.impl:0.9.0, indexing...
biz.aQute.bnd:biz.aQute.bnd.annotation:5.0.1 has dependencies: org.osgi:osgi.annotation:7.0.0
biz.aQute.bnd:biz.aQute.bnd.annotation:5.0.1 indexed.
biz.aQute.bnd:biz.aQute.bnd.annotation:5.2.0 is dependency of org.apache.felix.atomos.utils:org.apache.felix.atomos.utils.substrate.api:0.9.0, indexing...
biz.aQute.bnd:biz.aQute.bnd.annotation:5.2.0 has dependencies: org.osgi:osgi.annotation:7.0.0, org.osgi:org.osgi.namespace.extender:1.0.1, org.osgi:org.osgi.namespace.service:1.0.0, org.osgi:org.osgi.resource:1.0.0, org.osgi:org.osgi.service.serviceloader:1.0.0
biz.aQute.bnd:biz.aQute.bnd.annotation:5.2.0 indexed.
biz.aQute.bnd:biz.aQute.bndlib:5.3.0 is dependency of org.apache.aries.spifly:org.apache.aries.spifly.core-internal:1.3.3, indexing...
biz.aQute.bnd:biz.aQute.bndlib:5.3.0 has dependencies: org.osgi:osgi.annotation:8.0.0, org.osgi:osgi.core:6.0.0, org.osgi:org.osgi.namespace.contract:1.0.0, org.osgi:org.osgi.namespace.extender:1.0.1, org.osgi:org.osgi.namespace.implementation:1.0.0, org.osgi:org.osgi.namespace.service:1.0.0, org.osgi:org.osgi.service.log:1.3.0, org.osgi:org.osgi.service.repository:1.1.0, org.osgi:org.osgi.util.function:1.1.0, org.osgi:org.osgi.util.promise:1.1.1, org.slf4j:slf4j-api:1.7.25
biz.aQute.bnd:biz.aQute.bndlib:5.3.0 indexed.
biz.aQute.bnd:biz.aQute.bndlib:5.3.0 is dependency of org.apache.aries.spifly:org.apache.aries.spifly.core-internal:1.3.3, indexing...
biz.aQute.bnd:biz.aQute.bndlib:5.3.0 is dependency of org.apache.aries.spifly:org.apache.aries.spifly.dynamic.bundle:1.3.3, indexing...
biz.aQute.bnd:biz.aQute.bndlib:5.3.0 is dependency of org.apache.aries.spifly:org.apache.aries.spifly.core-internal:1.3.4, indexing...
biz.aQute.bnd:biz.aQute.bndlib:5.3.0 is dependency of org.apache.aries.spifly:org.apache.aries.spifly.core-internal:1.3.4, indexing...
biz.aQute.bnd:biz.aQute.bndlib:5.3.0 is dependency of org.apache.aries.spifly:org.apache.aries.spifly.dynamic.bundle:1.3.4, indexing...
biz.aQute.bnd:bndlib:2.1.0 is dependency of org.apache.felix:org.apache.felix.scr.bnd:1.3.0, indexing...
biz.aQute.bnd:bndlib:2.1.0 has dependencies: org.osgi:org.osgi.core:4.2.0
biz.aQute.bnd:bndlib:2.1.0 indexed.
biz.aQute.bnd:bndlib:2.1.0 is dependency of org.apache.felix:org.apache.felix.scr.bnd:1.4.0, indexing...
biz.aQute.bnd:bndlib:2.3.0 is dependency of org.apache.felix:org.apache.felix.dependencymanager.annotation:3.2.0, indexing...
biz.aQute.bnd:bndlib:2.3.0 has dependencies: org.osgi:org.osgi.core:4.3.1
biz.aQute.bnd:bndlib:2.3.0 indexed.
biz.aQute.bnd:bndlib:2.4.0 is dependency of org.apache.felix:org.apache.felix.dependencymanager.annotation:4.0.1, indexing...
biz.aQute.bnd:bndlib:2.4.0 has dependencies: org.osgi:org.osgi.core:4.3.1
biz.aQute.bnd:bndlib:2.4.0 indexed.
biz.aQute.bnd:bndlib:2.4.0 is dependency of org.apache.felix:org.apache.felix.dependencymanager.annotation:4.0.2, indexing...
biz.aQute.bnd:bndlib:2.4.0 is dependency of org.apache.felix:org.apache.felix.dependencymanager.annotation:4.0.3, indexing...
biz.aQute.bnd:bndlib:2.4.0 is dependency of org.apache.felix:org.apache.felix.dependencymanager.annotation:4.1.0, indexing...
