javax.servlet:javax.servlet-api:3.0.1 is dependency of org.apache.felix:org.apache.felix.http.samples.bridge:2.3.0, indexing...
javax.servlet:javax.servlet-api:3.0.1 indexed.
javax.servlet:javax.servlet-api:3.0.1 is dependency of org.apache.felix:org.apache.felix.http.samples.bridge:2.3.2, indexing...
javax.servlet:javax.servlet-api:3.0.1 is dependency of org.apache.felix:org.apache.felix.http.bundle:2.3.0, indexing...
javax.servlet:javax.servlet-api:3.0.1 is dependency of org.apache.felix:org.apache.felix.http.cometd:2.3.0, indexing...
javax.servlet:javax.servlet-api:3.0.1 is dependency of org.apache.felix:org.apache.felix.http.bundle:2.3.2, indexing...
javax.servlet:javax.servlet-api:3.0.1 is dependency of org.apache.felix:org.apache.felix.http.cometd:2.3.2, indexing...
javax.servlet:javax.servlet-api:3.0.1 is dependency of org.apache.felix:org.apache.felix.http.samples.cometd:2.3.0, indexing...
javax.servlet:javax.servlet-api:3.0.1 is dependency of org.apache.felix:org.apache.felix.http.samples.cometd:2.3.2, indexing...
javax.servlet:javax.servlet-api:3.0.1 is dependency of org.apache.felix:org.apache.felix.http.itest:0.0.1, indexing...
javax.servlet:javax.servlet-api:3.0.1 is dependency of org.apache.felix:org.apache.felix.http.itest:0.0.2, indexing...
javax.servlet:javax.servlet-api:3.1.0 is dependency of org.eclipse.jetty:jetty-server:9.4.15.v20190215, indexing...
javax.servlet:javax.servlet-api:3.1.0 indexed.
javax.servlet:javax.servlet-api:3.1.0 is dependency of org.apache.felix:org.apache.felix.http.jetty:4.0.8, indexing...
javax.servlet:javax.servlet-api:3.1.0 is dependency of org.eclipse.jetty.websocket:websocket-servlet:9.4.15.v20190215, indexing...
javax.servlet:javax.servlet-api:3.1.0 is dependency of org.apache.felix:org.apache.felix.http.api:3.0.0, indexing...
javax.servlet:javax.servlet-api:3.1.0 is dependency of org.apache.felix:org.apache.felix.http.base:3.0.0, indexing...
javax.servlet:javax.servlet-api:3.1.0 is dependency of org.apache.felix:org.apache.felix.http.base:3.0.2, indexing...
javax.servlet:javax.servlet-api:3.1.0 is dependency of org.apache.felix:org.apache.felix.http.base:3.0.4, indexing...
javax.servlet:javax.servlet-api:3.1.0 is dependency of org.apache.felix:org.apache.felix.http.base:3.0.6, indexing...
javax.servlet:javax.servlet-api:3.1.0 is dependency of org.apache.felix:org.apache.felix.http.base:3.0.8, indexing...
javax.servlet:javax.servlet-api:3.1.0 is dependency of org.apache.felix:org.apache.felix.http.base:3.0.10, indexing...
javax.servlet:javax.servlet-api:3.1.0 is dependency of org.apache.felix:org.apache.felix.http.base:3.0.12, indexing...
javax.servlet:javax.servlet-api:3.1.0 is dependency of org.apache.felix:org.apache.felix.http.base:3.0.16, indexing...
javax.servlet:javax.servlet-api:3.1.0 is dependency of org.apache.felix:org.apache.felix.http.base:3.0.18, indexing...
javax.servlet:javax.servlet-api:3.1.0 is dependency of org.apache.felix:org.apache.felix.http.whiteboard:3.0.0, indexing...
javax.servlet:javax.servlet-api:3.1.0 is dependency of org.apache.felix:org.apache.felix.http.whiteboard:4.0.0, indexing...
javax.servlet:javax.servlet-api:3.1.0 is dependency of org.eclipse.jetty:jetty-server:9.4.19.v20190610, indexing...
javax.servlet:javax.servlet-api:3.1.0 is dependency of org.eclipse.jetty.websocket:websocket-servlet:9.4.19.v20190610, indexing...
javax.servlet:javax.servlet-api:3.1.0 is dependency of org.eclipse.jetty.websocket:websocket-servlet:9.4.20.v20190813, indexing...
javax.servlet:javax.servlet-api:3.1.0 is dependency of org.eclipse.jetty:jetty-server:9.4.20.v20190813, indexing...
javax.servlet:javax.servlet-api:3.1.0 is dependency of org.eclipse.jetty:jetty-server:9.4.26.v20200117, indexing...
javax.servlet:javax.servlet-api:3.1.0 is dependency of org.eclipse.jetty.websocket:websocket-servlet:9.4.26.v20200117, indexing...
javax.servlet:javax.servlet-api:3.1.0 is dependency of org.eclipse.jetty:jetty-server:9.4.28.v20200408, indexing...
javax.servlet:javax.servlet-api:3.1.0 is dependency of org.eclipse.jetty.websocket:websocket-servlet:9.4.28.v20200408, indexing...
javax.servlet:javax.servlet-api:3.1.0 is dependency of org.eclipse.jetty:jetty-server:9.4.30.v20200611, indexing...
javax.servlet:javax.servlet-api:3.1.0 is dependency of org.eclipse.jetty.websocket:websocket-servlet:9.4.30.v20200611, indexing...
javax.servlet:javax.servlet-api:3.1.0 is dependency of org.eclipse.jetty:jetty-server:9.4.31.v20200723, indexing...
javax.servlet:javax.servlet-api:3.1.0 is dependency of org.eclipse.jetty.websocket:websocket-servlet:9.4.31.v20200723, indexing...
javax.servlet:javax.servlet-api:3.1.0 is dependency of org.eclipse.jetty:jetty-server:9.4.32.v20200930, indexing...
javax.servlet:javax.servlet-api:3.1.0 is dependency of org.eclipse.jetty.websocket:websocket-servlet:9.4.32.v20200930, indexing...
javax.servlet:javax.servlet-api:3.1.0 is dependency of org.eclipse.jetty:jetty-server:9.4.35.v20201120, indexing...
javax.servlet:javax.servlet-api:3.1.0 is dependency of org.apache.felix:org.apache.felix.http.proxy:3.0.0, indexing...
javax.servlet:javax.servlet-api:3.1.0 is dependency of org.apache.felix:org.apache.felix.http.proxy:3.0.2, indexing...
javax.servlet:javax.servlet-api:3.1.0 is dependency of org.apache.felix:org.apache.felix.http.proxy:3.0.4, indexing...
javax.servlet:javax.servlet-api:3.1.0 is dependency of org.eclipse.jetty.websocket:websocket-servlet:9.4.35.v20201120, indexing...
javax.servlet:javax.servlet-api:3.1.0 is dependency of org.apache.felix:org.apache.felix.http.bundle:3.0.0, indexing...
javax.servlet:javax.servlet-api:3.1.0 is dependency of org.apache.felix:org.apache.felix.http.bridge:3.0.0, indexing...
javax.servlet:javax.servlet-api:3.1.0 is dependency of org.apache.felix:org.apache.felix.http.bridge:3.0.2, indexing...
javax.servlet:javax.servlet-api:3.1.0 is dependency of org.apache.felix:org.apache.felix.http.bridge:3.0.4, indexing...
javax.servlet:javax.servlet-api:3.1.0 is dependency of org.apache.felix:org.apache.felix.http.bridge:3.0.6, indexing...
javax.servlet:javax.servlet-api:3.1.0 is dependency of org.apache.felix:org.apache.felix.http.bridge:3.0.8, indexing...
javax.servlet:javax.servlet-api:3.1.0 is dependency of org.apache.felix:org.apache.felix.http.bridge:3.0.10, indexing...
javax.servlet:javax.servlet-api:3.1.0 is dependency of org.apache.felix:org.apache.felix.http.bridge:3.0.12, indexing...
javax.servlet:javax.servlet-api:3.1.0 is dependency of org.apache.felix:org.apache.felix.http.bridge:3.0.16, indexing...
javax.servlet:javax.servlet-api:3.1.0 is dependency of org.apache.felix:org.apache.felix.http.bridge:3.0.18, indexing...
javax.servlet:javax.servlet-api:3.1.0 is dependency of org.apache.felix:org.apache.felix.http.bridge:4.0.0, indexing...
javax.servlet:javax.servlet-api:3.1.0 is dependency of org.apache.felix:org.apache.felix.http.bridge:4.0.2, indexing...
javax.servlet:javax.servlet-api:3.1.0 is dependency of org.apache.felix:org.apache.felix.http.bridge:4.0.4, indexing...
javax.servlet:javax.servlet-api:3.1.0 is dependency of org.apache.felix:org.apache.felix.http.bridge:4.0.6, indexing...
javax.servlet:javax.servlet-api:4.0.1 is dependency of org.apache.felix:org.apache.felix.http.proxy:3.0.6, indexing...
javax.servlet:javax.servlet-api:4.0.1 indexed.
javax.servlet:javax.servlet-api:4.0.1 is dependency of org.apache.felix:org.apache.felix.http.proxy:3.0.6, indexing...
javax.servlet:servlet-api:2.3 is dependency of org.apache.felix:org.apache.felix.jaas:0.0.2, indexing...
javax.servlet:servlet-api:2.3 indexed.
javax.servlet:servlet-api:2.3 is dependency of org.apache.felix:org.apache.felix.jaas:0.0.4, indexing...
javax.servlet:servlet-api:2.3 is dependency of org.apache.felix:org.apache.felix.jaas:1.0.0, indexing...
javax.servlet:servlet-api:2.3 is dependency of org.apache.felix:org.apache.felix.jaas:1.0.2, indexing...
javax.servlet:servlet-api:2.4 is dependency of org.apache.felix:org.apache.felix.webconsole:3.1.8, indexing...
javax.servlet:servlet-api:2.4 indexed.
javax.servlet:servlet-api:2.4 is dependency of org.apache.felix:org.apache.felix.healthcheck.webconsoleplugin:2.0.2, indexing...
javax.servlet:servlet-api:2.4 is dependency of org.apache.felix:org.apache.felix.httplite:0.1.2, indexing...
javax.servlet:servlet-api:2.4 is dependency of org.apache.felix:org.apache.felix.httplite.complete:0.1.4, indexing...
javax.servlet:servlet-api:2.4 is dependency of org.apache.felix:org.apache.felix.httplite.core:0.1.4, indexing...
javax.servlet:servlet-api:2.4 is dependency of org.apache.felix:org.apache.felix.httplite.core:0.1.5, indexing...
javax.servlet:servlet-api:2.4 is dependency of org.apache.felix:org.apache.felix.httplite.complete:0.1.5, indexing...
javax.servlet:servlet-api:2.4 is dependency of org.apache.felix:org.apache.felix.httplite.core:0.1.6, indexing...
javax.servlet:servlet-api:2.4 is dependency of org.apache.felix:org.apache.felix.httplite.complete:0.1.6, indexing...
javax.servlet:servlet-api:2.5 is dependency of org.apache.felix:org.apache.felix.http.samples.bridge:2.0.2, indexing...
javax.servlet:servlet-api:2.5 indexed.
javax.servlet:servlet-api:2.5 is dependency of org.apache.felix:org.apache.felix.http.samples.bridge:2.0.4, indexing...
javax.servlet:servlet-api:2.5 is dependency of org.apache.felix:org.apache.felix.http.samples.bridge:2.2.0, indexing...
javax.servlet:servlet-api:2.5 is dependency of org.apache.felix:org.apache.felix.http.samples.bridge:2.2.1, indexing...
javax.servlet:servlet-api:2.5 is dependency of org.apache.felix:org.apache.felix.http.samples.bridge:2.2.2, indexing...
javax.servlet:servlet-api:2.5 is dependency of org.apache.felix:org.apache.felix.http.whiteboard:2.2.1, indexing...
javax.servlet:servlet-api:2.5 is dependency of org.apache.felix:org.apache.felix.http.whiteboard:2.2.2, indexing...
javax.servlet:servlet-api:2.5 is dependency of org.apache.felix:org.apache.felix.http.bundle:2.0.2, indexing...
javax.servlet:servlet-api:2.5 is dependency of org.apache.felix:org.apache.felix.http.bundle:2.0.4, indexing...
javax.servlet:servlet-api:2.5 is dependency of org.apache.felix:org.apache.felix.http.bundle:2.2.0, indexing...
javax.servlet:servlet-api:2.5 is dependency of org.apache.felix:org.apache.felix.http.bundle:2.2.1, indexing...
javax.servlet:servlet-api:2.5 is dependency of org.apache.felix:org.apache.felix.http.cometd:2.2.1, indexing...
javax.servlet:servlet-api:2.5 is dependency of org.cometd.java:cometd-java-server:2.4.2, indexing...
javax.servlet:servlet-api:2.5 is dependency of org.apache.felix:org.apache.felix.http.bundle:2.2.2, indexing...
javax.servlet:servlet-api:2.5 is dependency of org.apache.felix:org.apache.felix.http.cometd:2.2.2, indexing...
javax.servlet:servlet-api:2.5 is dependency of org.cometd.java:cometd-java-server:2.7.0, indexing...
javax.servlet:servlet-api:2.5 is dependency of org.cometd.java:cometd-java-server:2.8.0, indexing...
javax.servlet:servlet-api:2.5 is dependency of org.apache.felix:org.apache.felix.http.samples.cometd:2.2.1, indexing...
javax.servlet:servlet-api:2.5 is dependency of org.apache.felix:org.apache.felix.http.samples.cometd:2.2.2, indexing...
