org.apache.aries.spifly:org.apache.aries.spifly.core-internal:1.0.0 not selected for indexing.
org.apache.aries.spifly:org.apache.aries.spifly.core-internal:1.0.1 not selected for indexing.
org.apache.aries.spifly:org.apache.aries.spifly.core-internal:1.0.2 not selected for indexing.
org.apache.aries.spifly:org.apache.aries.spifly.core-internal:1.0.4 not selected for indexing.
org.apache.aries.spifly:org.apache.aries.spifly.core-internal:1.0.6 not selected for indexing.
org.apache.aries.spifly:org.apache.aries.spifly.core-internal:1.0.8 not selected for indexing.
org.apache.aries.spifly:org.apache.aries.spifly.core-internal:1.0.10 not selected for indexing.
org.apache.aries.spifly:org.apache.aries.spifly.core-internal:1.0.12 not selected for indexing.
org.apache.aries.spifly:org.apache.aries.spifly.core-internal:1.0.12 is dependency of org.apache.aries.spifly:org.apache.aries.spifly.dynamic.bundle:1.0.12, indexing...
org.apache.aries.spifly:org.apache.aries.spifly.core-internal:1.0.12 has dependencies: org.apache.aries:org.apache.aries.util:1.0.0
org.apache.aries.spifly:org.apache.aries.spifly.core-internal:1.0.12 is dependency of org.apache.aries.spifly:org.apache.aries.spifly.weaver-internal:1.0.12, indexing...
org.apache.aries.spifly:org.apache.aries.spifly.core-internal:1.0.12 has dependencies: org.apache.aries:org.apache.aries.util:1.0.0
org.apache.aries.spifly:org.apache.aries.spifly.core-internal:1.0.12 indexed.
org.apache.aries.spifly:org.apache.aries.spifly.core-internal:1.0.14 not selected for indexing.
org.apache.aries.spifly:org.apache.aries.spifly.core-internal:1.0.14 is dependency of org.apache.aries.spifly:org.apache.aries.spifly.weaver-internal:1.0.14, indexing...
org.apache.aries.spifly:org.apache.aries.spifly.core-internal:1.0.14 has dependencies: org.apache.aries:org.apache.aries.util:1.0.0
org.apache.aries.spifly:org.apache.aries.spifly.core-internal:1.0.14 is dependency of org.apache.aries.spifly:org.apache.aries.spifly.dynamic.bundle:1.0.14, indexing...
org.apache.aries.spifly:org.apache.aries.spifly.core-internal:1.0.14 has dependencies: org.apache.aries:org.apache.aries.util:1.0.0
org.apache.aries.spifly:org.apache.aries.spifly.core-internal:1.0.14 indexed.
org.apache.aries.spifly:org.apache.aries.spifly.core-internal:1.1 not selected for indexing.
org.apache.aries.spifly:org.apache.aries.spifly.core-internal:1.2 not selected for indexing.
org.apache.aries.spifly:org.apache.aries.spifly.core-internal:1.2.1 not selected for indexing.
org.apache.aries.spifly:org.apache.aries.spifly.core-internal:1.2.2 not selected for indexing.
org.apache.aries.spifly:org.apache.aries.spifly.core-internal:1.2.3 not selected for indexing.
org.apache.aries.spifly:org.apache.aries.spifly.core-internal:1.2.4 not selected for indexing.
org.apache.aries.spifly:org.apache.aries.spifly.core-internal:1.3.0 not selected for indexing.
org.apache.aries.spifly:org.apache.aries.spifly.core-internal:1.3.1 not selected for indexing.
org.apache.aries.spifly:org.apache.aries.spifly.core-internal:1.3.2 not selected for indexing.
org.apache.aries.spifly:org.apache.aries.spifly.core-internal:1.3.3 not selected for indexing.
org.apache.aries.spifly:org.apache.aries.spifly.core-internal:1.3.3 is dependency of org.apache.aries.spifly:org.apache.aries.spifly.dynamic.bundle:1.3.3, indexing...
org.apache.aries.spifly:org.apache.aries.spifly.core-internal:1.3.3 has dependencies: org.osgi:osgi.core:5.0.0, biz.aQute.bnd:aQute.libg:5.3.0, biz.aQute.bnd:biz.aQute.bndlib:5.3.0
org.apache.aries.spifly:org.apache.aries.spifly.core-internal:1.3.3 is dependency of org.apache.aries.spifly:org.apache.aries.spifly.weaver-internal:1.3.3, indexing...
org.apache.aries.spifly:org.apache.aries.spifly.core-internal:1.3.3 has dependencies: org.osgi:osgi.core:5.0.0, biz.aQute.bnd:aQute.libg:5.3.0, biz.aQute.bnd:biz.aQute.bndlib:5.3.0
org.apache.aries.spifly:org.apache.aries.spifly.core-internal:1.3.3 indexed.
org.apache.aries.spifly:org.apache.aries.spifly.core-internal:1.3.4 not selected for indexing.
org.apache.aries.spifly:org.apache.aries.spifly.core-internal:1.3.4 is dependency of org.apache.aries.spifly:org.apache.aries.spifly.dynamic.bundle:1.3.4, indexing...
org.apache.aries.spifly:org.apache.aries.spifly.core-internal:1.3.4 has dependencies: org.osgi:osgi.core:5.0.0, biz.aQute.bnd:aQute.libg:5.3.0, biz.aQute.bnd:biz.aQute.bndlib:5.3.0
org.apache.aries.spifly:org.apache.aries.spifly.core-internal:1.3.4 is dependency of org.apache.aries.spifly:org.apache.aries.spifly.weaver-internal:1.3.4, indexing...
org.apache.aries.spifly:org.apache.aries.spifly.core-internal:1.3.4 has dependencies: org.osgi:osgi.core:5.0.0, biz.aQute.bnd:aQute.libg:5.3.0, biz.aQute.bnd:biz.aQute.bndlib:5.3.0
org.apache.aries.spifly:org.apache.aries.spifly.core-internal:1.3.4 indexed.
org.apache.aries.spifly:org.apache.aries.spifly.dynamic.bundle:1.0.0 not selected for indexing.
org.apache.aries.spifly:org.apache.aries.spifly.dynamic.bundle:1.0.1 not selected for indexing.
org.apache.aries.spifly:org.apache.aries.spifly.dynamic.bundle:1.0.2 not selected for indexing.
org.apache.aries.spifly:org.apache.aries.spifly.dynamic.bundle:1.0.4 not selected for indexing.
org.apache.aries.spifly:org.apache.aries.spifly.dynamic.bundle:1.0.6 not selected for indexing.
org.apache.aries.spifly:org.apache.aries.spifly.dynamic.bundle:1.0.8 not selected for indexing.
org.apache.aries.spifly:org.apache.aries.spifly.dynamic.bundle:1.0.10 not selected for indexing.
org.apache.aries.spifly:org.apache.aries.spifly.dynamic.bundle:1.0.12 in list, indexing...
org.apache.aries.spifly:org.apache.aries.spifly.dynamic.bundle:1.0.12 has dependencies: org.apache.aries.spifly:org.apache.aries.spifly.core-internal:1.0.12, org.ow2.asm:asm-debug-all:5.0.3, org.apache.aries.spifly:org.apache.aries.spifly.weaver-internal:1.0.12
org.apache.aries.spifly:org.apache.aries.spifly.dynamic.bundle:1.0.12 indexed.
org.apache.aries.spifly:org.apache.aries.spifly.dynamic.bundle:1.0.14 in list, indexing...
org.apache.aries.spifly:org.apache.aries.spifly.dynamic.bundle:1.0.14 has dependencies: org.apache.aries.spifly:org.apache.aries.spifly.weaver-internal:1.0.14, org.apache.aries.spifly:org.apache.aries.spifly.core-internal:1.0.14, org.ow2.asm:asm-debug-all:5.0.3
org.apache.aries.spifly:org.apache.aries.spifly.dynamic.bundle:1.0.14 indexed.
org.apache.aries.spifly:org.apache.aries.spifly.dynamic.bundle:1.1 in list, indexing...
org.apache.aries.spifly:org.apache.aries.spifly.dynamic.bundle:1.1 has dependencies: org.ow2.asm:asm-commons:7.0, org.ow2.asm:asm:7.0, org.ow2.asm:asm-util:7.0, org.apache.felix:org.apache.felix.framework:6.0.1
org.apache.aries.spifly:org.apache.aries.spifly.dynamic.bundle:1.1 indexed.
org.apache.aries.spifly:org.apache.aries.spifly.dynamic.bundle:1.2 in list, indexing...
org.apache.aries.spifly:org.apache.aries.spifly.dynamic.bundle:1.2 has dependencies: org.apache.felix:org.apache.felix.framework:6.0.1
org.apache.aries.spifly:org.apache.aries.spifly.dynamic.bundle:1.2 indexed.
org.apache.aries.spifly:org.apache.aries.spifly.dynamic.bundle:1.2.1 in list, indexing...
org.apache.aries.spifly:org.apache.aries.spifly.dynamic.bundle:1.2.1 has dependencies: org.apache.felix:org.apache.felix.framework:6.0.1
org.apache.aries.spifly:org.apache.aries.spifly.dynamic.bundle:1.2.1 indexed.
org.apache.aries.spifly:org.apache.aries.spifly.dynamic.bundle:1.2.2 in list, indexing...
org.apache.aries.spifly:org.apache.aries.spifly.dynamic.bundle:1.2.2 has dependencies: org.apache.felix:org.apache.felix.framework:6.0.1
org.apache.aries.spifly:org.apache.aries.spifly.dynamic.bundle:1.2.2 indexed.
org.apache.aries.spifly:org.apache.aries.spifly.dynamic.bundle:1.2.3 in list, indexing...
org.apache.aries.spifly:org.apache.aries.spifly.dynamic.bundle:1.2.3 indexed.
org.apache.aries.spifly:org.apache.aries.spifly.dynamic.bundle:1.2.4 in list, indexing...
org.apache.aries.spifly:org.apache.aries.spifly.dynamic.bundle:1.2.4 indexed.
org.apache.aries.spifly:org.apache.aries.spifly.dynamic.bundle:1.3.0 in list, indexing...
org.apache.aries.spifly:org.apache.aries.spifly.dynamic.bundle:1.3.0 has dependencies: org.ow2.asm:asm-commons:8.0.1, org.ow2.asm:asm:8.0.1, org.ow2.asm:asm-util:8.0.1
org.apache.aries.spifly:org.apache.aries.spifly.dynamic.bundle:1.3.0 indexed.
org.apache.aries.spifly:org.apache.aries.spifly.dynamic.bundle:1.3.1 in list, indexing...
org.apache.aries.spifly:org.apache.aries.spifly.dynamic.bundle:1.3.1 has dependencies: org.ow2.asm:asm-util:9.0, org.ow2.asm:asm-commons:9.0, org.ow2.asm:asm:9.0
org.apache.aries.spifly:org.apache.aries.spifly.dynamic.bundle:1.3.1 indexed.
org.apache.aries.spifly:org.apache.aries.spifly.dynamic.bundle:1.3.2 in list, indexing...
org.apache.aries.spifly:org.apache.aries.spifly.dynamic.bundle:1.3.2 has dependencies: org.ow2.asm:asm-util:9.0, org.ow2.asm:asm:9.0, org.ow2.asm:asm-commons:9.0
org.apache.aries.spifly:org.apache.aries.spifly.dynamic.bundle:1.3.2 indexed.
org.apache.aries.spifly:org.apache.aries.spifly.dynamic.bundle:1.3.3 in list, indexing...
org.apache.aries.spifly:org.apache.aries.spifly.dynamic.bundle:1.3.3 has dependencies: org.ow2.asm:asm:9.1, org.ow2.asm:asm-commons:9.1, org.ow2.asm:asm-util:9.1, org.apache.aries.spifly:org.apache.aries.spifly.core-internal:1.3.3, org.apache.aries.spifly:org.apache.aries.spifly.weaver-internal:1.3.3, org.osgi:osgi.core:5.0.0, biz.aQute.bnd:aQute.libg:5.3.0, biz.aQute.bnd:biz.aQute.bndlib:5.3.0
org.apache.aries.spifly:org.apache.aries.spifly.dynamic.bundle:1.3.3 indexed.
org.apache.aries.spifly:org.apache.aries.spifly.dynamic.bundle:1.3.4 in list, indexing...
org.apache.aries.spifly:org.apache.aries.spifly.dynamic.bundle:1.3.4 has dependencies: org.ow2.asm:asm:9.2, org.ow2.asm:asm-commons:9.2, org.ow2.asm:asm-util:9.2, org.apache.aries.spifly:org.apache.aries.spifly.core-internal:1.3.4, org.apache.aries.spifly:org.apache.aries.spifly.weaver-internal:1.3.4, org.osgi:osgi.core:5.0.0, biz.aQute.bnd:aQute.libg:5.3.0, biz.aQute.bnd:biz.aQute.bndlib:5.3.0
org.apache.aries.spifly:org.apache.aries.spifly.dynamic.bundle:1.3.4 indexed.
org.apache.aries.spifly:org.apache.aries.spifly.dynamic.framework.extension:1.0.14 not selected for indexing.
org.apache.aries.spifly:org.apache.aries.spifly.dynamic.framework.extension:1.1 not selected for indexing.
org.apache.aries.spifly:org.apache.aries.spifly.dynamic.framework.extension:1.2 not selected for indexing.
org.apache.aries.spifly:org.apache.aries.spifly.dynamic.framework.extension:1.2.1 not selected for indexing.
org.apache.aries.spifly:org.apache.aries.spifly.dynamic.framework.extension:1.2.2 not selected for indexing.
org.apache.aries.spifly:org.apache.aries.spifly.dynamic.framework.extension:1.2.3 not selected for indexing.
org.apache.aries.spifly:org.apache.aries.spifly.dynamic.framework.extension:1.2.4 not selected for indexing.
org.apache.aries.spifly:org.apache.aries.spifly.dynamic.framework.extension:1.3.0 not selected for indexing.
org.apache.aries.spifly:org.apache.aries.spifly.dynamic.framework.extension:1.3.1 not selected for indexing.
org.apache.aries.spifly:org.apache.aries.spifly.dynamic.framework.extension:1.3.2 not selected for indexing.
org.apache.aries.spifly:org.apache.aries.spifly.dynamic.framework.extension:1.3.3 not selected for indexing.
org.apache.aries.spifly:org.apache.aries.spifly.dynamic.framework.extension:1.3.4 not selected for indexing.
org.apache.aries.spifly:org.apache.aries.spifly.static.bundle:1.0.0 not selected for indexing.
org.apache.aries.spifly:org.apache.aries.spifly.static.bundle:1.0.1 not selected for indexing.
org.apache.aries.spifly:org.apache.aries.spifly.static.bundle:1.0.2 not selected for indexing.
org.apache.aries.spifly:org.apache.aries.spifly.static.bundle:1.0.4 not selected for indexing.
org.apache.aries.spifly:org.apache.aries.spifly.static.bundle:1.0.6 not selected for indexing.
org.apache.aries.spifly:org.apache.aries.spifly.static.bundle:1.0.8 not selected for indexing.
org.apache.aries.spifly:org.apache.aries.spifly.static.bundle:1.0.10 not selected for indexing.
org.apache.aries.spifly:org.apache.aries.spifly.static.bundle:1.0.12 not selected for indexing.
org.apache.aries.spifly:org.apache.aries.spifly.static.bundle:1.0.14 not selected for indexing.
org.apache.aries.spifly:org.apache.aries.spifly.static.bundle:1.1 not selected for indexing.
org.apache.aries.spifly:org.apache.aries.spifly.static.bundle:1.2 not selected for indexing.
org.apache.aries.spifly:org.apache.aries.spifly.static.bundle:1.2.1 not selected for indexing.
org.apache.aries.spifly:org.apache.aries.spifly.static.bundle:1.2.2 not selected for indexing.
org.apache.aries.spifly:org.apache.aries.spifly.static.bundle:1.2.3 not selected for indexing.
org.apache.aries.spifly:org.apache.aries.spifly.static.bundle:1.2.4 not selected for indexing.
org.apache.aries.spifly:org.apache.aries.spifly.static.bundle:1.3.0 not selected for indexing.
org.apache.aries.spifly:org.apache.aries.spifly.static.bundle:1.3.1 not selected for indexing.
org.apache.aries.spifly:org.apache.aries.spifly.static.bundle:1.3.2 not selected for indexing.
org.apache.aries.spifly:org.apache.aries.spifly.static.bundle:1.3.3 not selected for indexing.
org.apache.aries.spifly:org.apache.aries.spifly.static.bundle:1.3.4 not selected for indexing.
org.apache.aries.spifly:org.apache.aries.spifly.static.tool:1.0.0 not selected for indexing.
org.apache.aries.spifly:org.apache.aries.spifly.static.tool:1.0.1 not selected for indexing.
org.apache.aries.spifly:org.apache.aries.spifly.static.tool:1.0.2 not selected for indexing.
org.apache.aries.spifly:org.apache.aries.spifly.static.tool:1.0.4 not selected for indexing.
org.apache.aries.spifly:org.apache.aries.spifly.static.tool:1.0.6 not selected for indexing.
org.apache.aries.spifly:org.apache.aries.spifly.static.tool:1.0.8 not selected for indexing.
org.apache.aries.spifly:org.apache.aries.spifly.static.tool:1.0.10 not selected for indexing.
org.apache.aries.spifly:org.apache.aries.spifly.static.tool:1.0.12 not selected for indexing.
org.apache.aries.spifly:org.apache.aries.spifly.static.tool:1.0.14 not selected for indexing.
org.apache.aries.spifly:org.apache.aries.spifly.static.tool:1.1 not selected for indexing.
org.apache.aries.spifly:org.apache.aries.spifly.static.tool:1.2 not selected for indexing.
org.apache.aries.spifly:org.apache.aries.spifly.static.tool:1.2.1 not selected for indexing.
org.apache.aries.spifly:org.apache.aries.spifly.static.tool:1.2.2 not selected for indexing.
org.apache.aries.spifly:org.apache.aries.spifly.static.tool:1.2.3 not selected for indexing.
org.apache.aries.spifly:org.apache.aries.spifly.static.tool:1.2.4 not selected for indexing.
org.apache.aries.spifly:org.apache.aries.spifly.static.tool:1.3.0 not selected for indexing.
org.apache.aries.spifly:org.apache.aries.spifly.static.tool:1.3.1 not selected for indexing.
org.apache.aries.spifly:org.apache.aries.spifly.static.tool:1.3.2 not selected for indexing.
org.apache.aries.spifly:org.apache.aries.spifly.static.tool:1.3.3 not selected for indexing.
org.apache.aries.spifly:org.apache.aries.spifly.static.tool:1.3.4 not selected for indexing.
org.apache.aries.spifly:org.apache.aries.spifly.weaver-internal:1.0.0 not selected for indexing.
org.apache.aries.spifly:org.apache.aries.spifly.weaver-internal:1.0.1 not selected for indexing.
org.apache.aries.spifly:org.apache.aries.spifly.weaver-internal:1.0.4 not selected for indexing.
org.apache.aries.spifly:org.apache.aries.spifly.weaver-internal:1.0.6 not selected for indexing.
org.apache.aries.spifly:org.apache.aries.spifly.weaver-internal:1.0.8 not selected for indexing.
org.apache.aries.spifly:org.apache.aries.spifly.weaver-internal:1.0.10 not selected for indexing.
org.apache.aries.spifly:org.apache.aries.spifly.weaver-internal:1.0.12 not selected for indexing.
org.apache.aries.spifly:org.apache.aries.spifly.weaver-internal:1.0.12 is dependency of org.apache.aries.spifly:org.apache.aries.spifly.dynamic.bundle:1.0.12, indexing...
org.apache.aries.spifly:org.apache.aries.spifly.weaver-internal:1.0.12 has dependencies: org.apache.aries.spifly:org.apache.aries.spifly.core-internal:1.0.12
org.apache.aries.spifly:org.apache.aries.spifly.weaver-internal:1.0.12 indexed.
org.apache.aries.spifly:org.apache.aries.spifly.weaver-internal:1.0.14 not selected for indexing.
org.apache.aries.spifly:org.apache.aries.spifly.weaver-internal:1.0.14 is dependency of org.apache.aries.spifly:org.apache.aries.spifly.dynamic.bundle:1.0.14, indexing...
org.apache.aries.spifly:org.apache.aries.spifly.weaver-internal:1.0.14 has dependencies: org.apache.aries.spifly:org.apache.aries.spifly.core-internal:1.0.14
org.apache.aries.spifly:org.apache.aries.spifly.weaver-internal:1.0.14 indexed.
org.apache.aries.spifly:org.apache.aries.spifly.weaver-internal:1.1 not selected for indexing.
org.apache.aries.spifly:org.apache.aries.spifly.weaver-internal:1.2 not selected for indexing.
org.apache.aries.spifly:org.apache.aries.spifly.weaver-internal:1.2.1 not selected for indexing.
org.apache.aries.spifly:org.apache.aries.spifly.weaver-internal:1.2.2 not selected for indexing.
org.apache.aries.spifly:org.apache.aries.spifly.weaver-internal:1.2.3 not selected for indexing.
org.apache.aries.spifly:org.apache.aries.spifly.weaver-internal:1.2.4 not selected for indexing.
org.apache.aries.spifly:org.apache.aries.spifly.weaver-internal:1.3.0 not selected for indexing.
org.apache.aries.spifly:org.apache.aries.spifly.weaver-internal:1.3.1 not selected for indexing.
org.apache.aries.spifly:org.apache.aries.spifly.weaver-internal:1.3.2 not selected for indexing.
org.apache.aries.spifly:org.apache.aries.spifly.weaver-internal:1.3.3 not selected for indexing.
org.apache.aries.spifly:org.apache.aries.spifly.weaver-internal:1.3.3 is dependency of org.apache.aries.spifly:org.apache.aries.spifly.dynamic.bundle:1.3.3, indexing...
org.apache.aries.spifly:org.apache.aries.spifly.weaver-internal:1.3.3 has dependencies: org.ow2.asm:asm:9.1, org.ow2.asm:asm-commons:9.1, org.ow2.asm:asm-util:9.1, org.apache.aries.spifly:org.apache.aries.spifly.core-internal:1.3.3
org.apache.aries.spifly:org.apache.aries.spifly.weaver-internal:1.3.3 indexed.
org.apache.aries.spifly:org.apache.aries.spifly.weaver-internal:1.3.4 not selected for indexing.
org.apache.aries.spifly:org.apache.aries.spifly.weaver-internal:1.3.4 is dependency of org.apache.aries.spifly:org.apache.aries.spifly.dynamic.bundle:1.3.4, indexing...
org.apache.aries.spifly:org.apache.aries.spifly.weaver-internal:1.3.4 has dependencies: org.ow2.asm:asm:9.2, org.ow2.asm:asm-commons:9.2, org.ow2.asm:asm-util:9.2, org.apache.aries.spifly:org.apache.aries.spifly.core-internal:1.3.4
org.apache.aries.spifly:org.apache.aries.spifly.weaver-internal:1.3.4 indexed.
org.apache.aries.spifly:spifly:1.0.4 not selected for indexing.
org.apache.aries.spifly:spifly:1.0.6 not selected for indexing.
org.apache.aries.spifly:spifly:1.0.8 not selected for indexing.
org.apache.aries.spifly:spifly:1.0.10 not selected for indexing.
org.apache.aries.spifly:spifly:1.0.12 not selected for indexing.
org.apache.aries.spifly:spifly:1.1 not selected for indexing.
org.apache.aries.spifly:spifly:1.2 not selected for indexing.
org.apache.aries.spifly:spifly:1.2.1 not selected for indexing.
org.apache.aries.spifly:spifly:1.2.3 not selected for indexing.
org.apache.aries.spifly:spifly:1.2.4 not selected for indexing.
org.apache.aries.spifly:spifly:1.3.0 not selected for indexing.
org.apache.aries.spifly:spifly:1.3.1 not selected for indexing.
org.apache.aries.spifly:spifly:1.3.2 not selected for indexing.
org.apache.aries.spifly:spifly:1.3.3 not selected for indexing.
org.apache.aries.spifly:spifly:1.3.4 not selected for indexing.
