org.json:json:20070829 is dependency of org.apache.felix:org.apache.felix.webconsole.plugins.upnp:1.0.0, indexing...
org.json:json:20070829 indexed.
org.json:json:20070829 is dependency of org.apache.felix:org.apache.felix.webconsole.plugins.upnp:1.0.2, indexing...
org.json:json:20070829 is dependency of org.apache.felix:org.apache.felix.webconsole.plugins.upnp:1.0.4, indexing...
org.json:json:20070829 is dependency of org.apache.felix:org.apache.felix.webconsole.plugins.upnp:1.0.6, indexing...
org.json:json:20070829 is dependency of org.apache.felix:org.apache.felix.dependencymanager.annotation:3.0.0, indexing...
org.json:json:20070829 is dependency of org.apache.felix:org.apache.felix.dependencymanager.annotation:3.1.0, indexing...
org.json:json:20070829 is dependency of org.apache.felix:org.apache.felix.dependencymanager.annotation:3.2.0, indexing...
org.json:json:20070829 is dependency of org.apache.felix:org.apache.felix.webconsole:1.2.10, indexing...
org.json:json:20070829 is dependency of org.apache.felix:org.apache.felix.webconsole:3.1.6, indexing...
org.json:json:20070829 is dependency of org.apache.felix:org.apache.felix.ipojo.webconsole:1.6.0, indexing...
org.json:json:20070829 is dependency of org.apache.felix:org.apache.felix.ipojo.webconsole:1.7.0, indexing...
org.json:json:20070829 is dependency of org.apache.felix:org.apache.felix.webconsole.plugins.obr:1.0.0, indexing...
org.json:json:20070829 is dependency of org.apache.felix:org.apache.felix.webconsole.plugins.obr:1.0.2, indexing...
org.json:json:20070829 is dependency of org.apache.felix:org.apache.felix.webconsole:1.0.0, indexing...
org.json:json:20070829 is dependency of org.apache.felix:org.apache.felix.webconsole:1.2.0, indexing...
org.json:json:20070829 is dependency of org.apache.felix:org.apache.felix.webconsole:1.2.2, indexing...
org.json:json:20070829 is dependency of org.apache.felix:org.apache.felix.webconsole:1.2.8, indexing...
org.json:json:20070829 is dependency of org.apache.felix:org.apache.felix.webconsole:2.0.0, indexing...
org.json:json:20070829 is dependency of org.apache.felix:org.apache.felix.webconsole:2.0.2, indexing...
org.json:json:20070829 is dependency of org.apache.felix:org.apache.felix.webconsole:2.0.4, indexing...
org.json:json:20070829 is dependency of org.apache.felix:org.apache.felix.webconsole:2.0.6, indexing...
org.json:json:20070829 is dependency of org.apache.felix:org.apache.felix.webconsole:3.0.0, indexing...
org.json:json:20070829 is dependency of org.apache.felix:org.apache.felix.webconsole:3.1.0, indexing...
org.json:json:20070829 is dependency of org.apache.felix:org.apache.felix.webconsole:3.1.2, indexing...
org.json:json:20080701 is dependency of de.twentyeleven.skysail:org.json-osgi:20080701, indexing...
org.json:json:20080701 indexed.
