junit:junit:3.8.1 is dependency of org.apache.felix:org.apache.felix.webconsole.plugins.memoryusage:1.0.0, indexing...
junit:junit:3.8.1 indexed.
junit:junit:3.8.1 is dependency of org.codehaus.plexus:plexus-container-default:1.0-alpha-9-stable-1, indexing...
junit:junit:3.8.1 is dependency of org.codehaus.plexus:plexus-classworlds:1.2-alpha-7, indexing...
junit:junit:3.8.1 is dependency of org.codehaus.plexus:plexus-component-api:1.0-alpha-16, indexing...
junit:junit:3.8.1 is dependency of org.apache.felix:org.apache.felix.ipojo.junit4osgi:1.0.0, indexing...
junit:junit:3.8.1 is dependency of org.apache.felix:org.apache.felix.ipojo.junit4osgi.swing-gui:1.0.0, indexing...
junit:junit:3.8.1 is dependency of org.apache.felix:org.apache.felix.ipojo.junit4osgi.felix-command:1.0.0, indexing...
junit:junit:3.8.1 is dependency of org.apache.felix:maven-junit4osgi-plugin:1.0.0, indexing...
junit:junit:3.8.2 is dependency of org.codehaus.plexus:plexus-container-default:1.5.5, indexing...
junit:junit:3.8.2 indexed.
junit:junit:4.12 is dependency of org.apache.felix:org.apache.felix.http.jetty:4.0.8, indexing...
junit:junit:4.12 has dependencies: org.hamcrest:hamcrest-core:1.3
junit:junit:4.12 indexed.
junit:junit:4.12 is dependency of org.apache.felix:org.apache.felix.gogo.shell:1.1.2, indexing...
junit:junit:4.12 is dependency of org.apache.felix:org.apache.felix.gogo.runtime:1.1.2, indexing...
junit:junit:4.12 is dependency of org.apache.felix:org.apache.felix.http.whiteboard:4.0.0, indexing...
junit:junit:4.12 is dependency of org.apache.felix:org.apache.felix.prefs:1.1.0, indexing...
junit:junit:4.12 is dependency of org.apache.felix:org.apache.felix.http.proxy:3.0.4, indexing...
junit:junit:4.12 is dependency of org.apache.felix:org.apache.felix.http.bridge:4.0.0, indexing...
junit:junit:4.12 is dependency of org.apache.felix:org.apache.felix.http.bridge:4.0.2, indexing...
junit:junit:4.12 is dependency of org.apache.felix:org.apache.felix.http.bridge:4.0.4, indexing...
junit:junit:4.12 is dependency of org.apache.felix:org.apache.felix.http.bridge:4.0.6, indexing...
junit:junit:4.12 is dependency of org.apache.felix:org.apache.felix.http.sslfilter:1.2.6, indexing...
junit:junit:4.12 is dependency of org.apache.felix:org.apache.felix.inventory:1.0.6, indexing...
junit:junit:4.12 is dependency of org.apache.felix:org.apache.felix.gogo.command:1.1.0, indexing...
