org.eclipse.jetty.http2:http2-common:9.4.31.v20200723 is dependency of org.eclipse.jetty.http2:http2-server:9.4.31.v20200723, indexing...
org.eclipse.jetty.http2:http2-common:9.4.31.v20200723 has dependencies: org.eclipse.jetty.http2:http2-hpack:9.4.31.v20200723
org.eclipse.jetty.http2:http2-common:9.4.31.v20200723 indexed.
org.eclipse.jetty.http2:http2-common:9.4.31.v20200723 is dependency of org.apache.felix:org.apache.felix.http.jetty:4.1.0, indexing...
org.eclipse.jetty.http2:http2-common:9.4.32.v20200930 is dependency of org.eclipse.jetty.http2:http2-server:9.4.32.v20200930, indexing...
org.eclipse.jetty.http2:http2-common:9.4.32.v20200930 has dependencies: org.eclipse.jetty.http2:http2-hpack:9.4.32.v20200930
org.eclipse.jetty.http2:http2-common:9.4.32.v20200930 indexed.
org.eclipse.jetty.http2:http2-common:9.4.32.v20200930 is dependency of org.apache.felix:org.apache.felix.http.jetty:4.1.2, indexing...
org.eclipse.jetty.http2:http2-common:9.4.35.v20201120 is dependency of org.apache.felix:org.apache.felix.http.jetty:4.1.4, indexing...
org.eclipse.jetty.http2:http2-common:9.4.35.v20201120 has dependencies: org.eclipse.jetty.http2:http2-hpack:9.4.35.v20201120
org.eclipse.jetty.http2:http2-common:9.4.35.v20201120 indexed.
org.eclipse.jetty.http2:http2-common:9.4.35.v20201120 is dependency of org.eclipse.jetty.http2:http2-server:9.4.35.v20201120, indexing...
org.eclipse.jetty.http2:http2-hpack:9.4.31.v20200723 is dependency of org.eclipse.jetty.http2:http2-common:9.4.31.v20200723, indexing...
org.eclipse.jetty.http2:http2-hpack:9.4.31.v20200723 has dependencies: org.eclipse.jetty:jetty-http:9.4.31.v20200723, org.eclipse.jetty:jetty-util:9.4.31.v20200723, org.eclipse.jetty:jetty-io:9.4.31.v20200723
org.eclipse.jetty.http2:http2-hpack:9.4.31.v20200723 indexed.
org.eclipse.jetty.http2:http2-hpack:9.4.31.v20200723 is dependency of org.apache.felix:org.apache.felix.http.jetty:4.1.0, indexing...
org.eclipse.jetty.http2:http2-hpack:9.4.32.v20200930 is dependency of org.apache.felix:org.apache.felix.http.jetty:4.1.2, indexing...
org.eclipse.jetty.http2:http2-hpack:9.4.32.v20200930 has dependencies: org.eclipse.jetty:jetty-http:9.4.32.v20200930, org.eclipse.jetty:jetty-util:9.4.32.v20200930, org.eclipse.jetty:jetty-io:9.4.32.v20200930
org.eclipse.jetty.http2:http2-hpack:9.4.32.v20200930 indexed.
org.eclipse.jetty.http2:http2-hpack:9.4.32.v20200930 is dependency of org.eclipse.jetty.http2:http2-common:9.4.32.v20200930, indexing...
org.eclipse.jetty.http2:http2-hpack:9.4.35.v20201120 is dependency of org.eclipse.jetty.http2:http2-common:9.4.35.v20201120, indexing...
org.eclipse.jetty.http2:http2-hpack:9.4.35.v20201120 has dependencies: org.eclipse.jetty:jetty-io:9.4.35.v20201120, org.eclipse.jetty:jetty-util:9.4.35.v20201120, org.eclipse.jetty:jetty-http:9.4.35.v20201120
org.eclipse.jetty.http2:http2-hpack:9.4.35.v20201120 indexed.
org.eclipse.jetty.http2:http2-hpack:9.4.35.v20201120 is dependency of org.apache.felix:org.apache.felix.http.jetty:4.1.4, indexing...
org.eclipse.jetty.http2:http2-server:9.4.31.v20200723 is dependency of org.apache.felix:org.apache.felix.http.jetty:4.1.0, indexing...
org.eclipse.jetty.http2:http2-server:9.4.31.v20200723 has dependencies: org.eclipse.jetty:jetty-server:9.4.31.v20200723, org.eclipse.jetty.http2:http2-common:9.4.31.v20200723
org.eclipse.jetty.http2:http2-server:9.4.31.v20200723 indexed.
org.eclipse.jetty.http2:http2-server:9.4.32.v20200930 is dependency of org.apache.felix:org.apache.felix.http.jetty:4.1.2, indexing...
org.eclipse.jetty.http2:http2-server:9.4.32.v20200930 has dependencies: org.eclipse.jetty.http2:http2-common:9.4.32.v20200930, org.eclipse.jetty:jetty-server:9.4.32.v20200930
org.eclipse.jetty.http2:http2-server:9.4.32.v20200930 indexed.
org.eclipse.jetty.http2:http2-server:9.4.35.v20201120 is dependency of org.apache.felix:org.apache.felix.http.jetty:4.1.4, indexing...
org.eclipse.jetty.http2:http2-server:9.4.35.v20201120 has dependencies: org.eclipse.jetty:jetty-server:9.4.35.v20201120, org.eclipse.jetty.http2:http2-common:9.4.35.v20201120
org.eclipse.jetty.http2:http2-server:9.4.35.v20201120 indexed.
