org.apache.maven.resolver:maven-resolver-api:1.0.3 is dependency of org.apache.maven:maven-core:3.5.0, indexing...
org.apache.maven.resolver:maven-resolver-api:1.0.3 indexed.
org.apache.maven.resolver:maven-resolver-api:1.0.3 is dependency of org.apache.maven.resolver:maven-resolver-spi:1.0.3, indexing...
org.apache.maven.resolver:maven-resolver-api:1.0.3 is dependency of org.apache.maven.resolver:maven-resolver-util:1.0.3, indexing...
org.apache.maven.resolver:maven-resolver-api:1.0.3 is dependency of org.apache.maven:maven-resolver-provider:3.5.0, indexing...
org.apache.maven.resolver:maven-resolver-api:1.0.3 is dependency of org.apache.maven.resolver:maven-resolver-impl:1.0.3, indexing...
org.apache.maven.resolver:maven-resolver-api:1.0.3 is dependency of org.apache.maven:maven-compat:3.5.0, indexing...
org.apache.maven.resolver:maven-resolver-impl:1.0.3 is dependency of org.apache.maven:maven-resolver-provider:3.5.0, indexing...
org.apache.maven.resolver:maven-resolver-impl:1.0.3 has dependencies: org.apache.maven.resolver:maven-resolver-api:1.0.3, org.apache.maven.resolver:maven-resolver-util:1.0.3, org.apache.maven.resolver:maven-resolver-spi:1.0.3
org.apache.maven.resolver:maven-resolver-impl:1.0.3 indexed.
org.apache.maven.resolver:maven-resolver-impl:1.0.3 is dependency of org.apache.maven:maven-core:3.5.0, indexing...
org.apache.maven.resolver:maven-resolver-impl:1.0.3 is dependency of org.apache.maven:maven-compat:3.5.0, indexing...
org.apache.maven.resolver:maven-resolver-spi:1.0.3 is dependency of org.apache.maven:maven-resolver-provider:3.5.0, indexing...
org.apache.maven.resolver:maven-resolver-spi:1.0.3 has dependencies: org.apache.maven.resolver:maven-resolver-api:1.0.3
org.apache.maven.resolver:maven-resolver-spi:1.0.3 indexed.
org.apache.maven.resolver:maven-resolver-spi:1.0.3 is dependency of org.apache.maven.resolver:maven-resolver-impl:1.0.3, indexing...
org.apache.maven.resolver:maven-resolver-spi:1.0.3 is dependency of org.apache.maven:maven-core:3.5.0, indexing...
org.apache.maven.resolver:maven-resolver-util:1.0.3 is dependency of org.apache.maven:maven-resolver-provider:3.5.0, indexing...
org.apache.maven.resolver:maven-resolver-util:1.0.3 has dependencies: org.apache.maven.resolver:maven-resolver-api:1.0.3
org.apache.maven.resolver:maven-resolver-util:1.0.3 indexed.
org.apache.maven.resolver:maven-resolver-util:1.0.3 is dependency of org.apache.maven.resolver:maven-resolver-impl:1.0.3, indexing...
org.apache.maven.resolver:maven-resolver-util:1.0.3 is dependency of org.apache.maven:maven-core:3.5.0, indexing...
org.apache.maven.resolver:maven-resolver-util:1.0.3 is dependency of org.apache.maven:maven-compat:3.5.0, indexing...
