org.codehaus.plexus:plexus-archiver:3.5 is dependency of org.apache.felix:osgicheck-maven-plugin:0.1.0, indexing...
org.codehaus.plexus:plexus-archiver:3.5 has dependencies: org.codehaus.plexus:plexus-io:3.0.0, org.codehaus.plexus:plexus-utils:3.0.24, org.iq80.snappy:snappy:0.4, org.apache.commons:commons-compress:1.14, org.tukaani:xz:1.6
org.codehaus.plexus:plexus-archiver:3.5 indexed.
org.codehaus.plexus:plexus-classworlds:1.2-alpha-7 is dependency of org.codehaus.plexus:plexus-component-api:1.0-alpha-16, indexing...
org.codehaus.plexus:plexus-classworlds:1.2-alpha-7 has dependencies: junit:junit:3.8.1
org.codehaus.plexus:plexus-classworlds:1.2-alpha-7 indexed.
org.codehaus.plexus:plexus-classworlds:2.2.2 is dependency of org.codehaus.plexus:plexus-container-default:1.5.5, indexing...
org.codehaus.plexus:plexus-classworlds:2.2.2 indexed.
org.codehaus.plexus:plexus-classworlds:2.2.3 is dependency of org.sonatype.sisu:sisu-inject-plexus:1.4.2, indexing...
org.codehaus.plexus:plexus-classworlds:2.2.3 indexed.
org.codehaus.plexus:plexus-classworlds:2.5.2 is dependency of org.apache.maven:maven-core:3.5.0, indexing...
org.codehaus.plexus:plexus-classworlds:2.5.2 indexed.
org.codehaus.plexus:plexus-classworlds:2.5.2 is dependency of org.eclipse.sisu:org.eclipse.sisu.plexus:0.3.3, indexing...
org.codehaus.plexus:plexus-component-annotations:1.5.4 is dependency of org.sonatype.sisu:sisu-inject-plexus:1.4.2, indexing...
org.codehaus.plexus:plexus-component-annotations:1.5.4 indexed.
org.codehaus.plexus:plexus-component-annotations:1.5.5 is dependency of org.eclipse.sisu:org.eclipse.sisu.plexus:0.3.3, indexing...
org.codehaus.plexus:plexus-component-annotations:1.5.5 indexed.
org.codehaus.plexus:plexus-component-annotations:1.5.5 is dependency of org.apache.maven:maven-settings-builder:3.0, indexing...
org.codehaus.plexus:plexus-component-annotations:1.5.5 is dependency of org.apache.maven:maven-model-builder:3.0, indexing...
org.codehaus.plexus:plexus-component-annotations:1.5.5 is dependency of org.sonatype.aether:aether-impl:1.7, indexing...
org.codehaus.plexus:plexus-component-annotations:1.7.1 is dependency of org.apache.maven:maven-settings-builder:3.5.0, indexing...
org.codehaus.plexus:plexus-component-annotations:1.7.1 indexed.
org.codehaus.plexus:plexus-component-annotations:1.7.1 is dependency of org.apache.maven:maven-model-builder:3.5.0, indexing...
org.codehaus.plexus:plexus-component-annotations:1.7.1 is dependency of org.apache.maven:maven-resolver-provider:3.5.0, indexing...
org.codehaus.plexus:plexus-component-annotations:1.7.1 is dependency of org.apache.maven:maven-core:3.5.0, indexing...
org.codehaus.plexus:plexus-component-annotations:1.7.1 is dependency of org.apache.maven:maven-compat:3.5.0, indexing...
org.codehaus.plexus:plexus-component-api:1.0-alpha-16 is dependency of org.codehaus.plexus:plexus-interactivity-api:1.0-alpha-6, indexing...
org.codehaus.plexus:plexus-component-api:1.0-alpha-16 has dependencies: org.codehaus.plexus:plexus-classworlds:1.2-alpha-7, junit:junit:3.8.1
org.codehaus.plexus:plexus-component-api:1.0-alpha-16 indexed.
org.codehaus.plexus:plexus-container-default:1.0-alpha-9-stable-1 is dependency of org.apache.maven:maven-settings:2.0.7, indexing...
org.codehaus.plexus:plexus-container-default:1.0-alpha-9-stable-1 has dependencies: org.codehaus.plexus:plexus-utils:1.0.4, junit:junit:3.8.1, classworlds:classworlds:1.1-alpha-2
org.codehaus.plexus:plexus-container-default:1.0-alpha-9-stable-1 indexed.
org.codehaus.plexus:plexus-container-default:1.0-alpha-9-stable-1 is dependency of org.apache.maven:maven-artifact-manager:2.0.7, indexing...
org.codehaus.plexus:plexus-container-default:1.0-alpha-9-stable-1 is dependency of org.apache.maven:maven-project:2.0.7, indexing...
org.codehaus.plexus:plexus-container-default:1.0-alpha-9-stable-1 is dependency of org.apache.maven:maven-profile:2.0.7, indexing...
org.codehaus.plexus:plexus-container-default:1.0-alpha-9-stable-1 is dependency of org.apache.maven:maven-plugin-registry:2.0.7, indexing...
org.codehaus.plexus:plexus-container-default:1.5.5 is dependency of org.sonatype.aether:aether-impl:1.7, indexing...
org.codehaus.plexus:plexus-container-default:1.5.5 has dependencies: junit:junit:3.8.2, com.google.collections:google-collections:1.0, org.apache.xbean:xbean-reflect:3.4, org.codehaus.plexus:plexus-classworlds:2.2.2, org.codehaus.plexus:plexus-utils:1.4.5
org.codehaus.plexus:plexus-container-default:1.5.5 indexed.
org.codehaus.plexus:plexus-interactivity-api:1.0-alpha-6 is dependency of org.apache.felix:osgicheck-maven-plugin:0.1.0, indexing...
org.codehaus.plexus:plexus-interactivity-api:1.0-alpha-6 has dependencies: org.codehaus.plexus:plexus-utils:1.4, org.codehaus.plexus:plexus-component-api:1.0-alpha-16
org.codehaus.plexus:plexus-interactivity-api:1.0-alpha-6 indexed.
org.codehaus.plexus:plexus-interpolation:1.14 is dependency of org.apache.maven:maven-settings-builder:3.0, indexing...
org.codehaus.plexus:plexus-interpolation:1.14 indexed.
org.codehaus.plexus:plexus-interpolation:1.14 is dependency of org.apache.maven:maven-model-builder:3.0, indexing...
org.codehaus.plexus:plexus-interpolation:1.24 is dependency of org.apache.maven:maven-settings-builder:3.5.0, indexing...
org.codehaus.plexus:plexus-interpolation:1.24 indexed.
org.codehaus.plexus:plexus-interpolation:1.24 is dependency of org.apache.maven:maven-model-builder:3.5.0, indexing...
org.codehaus.plexus:plexus-interpolation:1.24 is dependency of org.apache.maven:maven-core:3.5.0, indexing...
org.codehaus.plexus:plexus-interpolation:1.24 is dependency of org.apache.maven:maven-compat:3.5.0, indexing...
org.codehaus.plexus:plexus-io:3.0.0 is dependency of org.codehaus.plexus:plexus-archiver:3.5, indexing...
org.codehaus.plexus:plexus-io:3.0.0 has dependencies: org.codehaus.plexus:plexus-utils:3.0.24, commons-io:commons-io:2.5
org.codehaus.plexus:plexus-io:3.0.0 indexed.
org.codehaus.plexus:plexus-utils:1.0.4 is dependency of org.codehaus.plexus:plexus-container-default:1.0-alpha-9-stable-1, indexing...
org.codehaus.plexus:plexus-utils:1.0.4 indexed.
org.codehaus.plexus:plexus-utils:1.0.4 is dependency of org.apache.maven.wagon:wagon-provider-api:1.0-beta-2, indexing...
org.codehaus.plexus:plexus-utils:1.4 is dependency of org.codehaus.plexus:plexus-interactivity-api:1.0-alpha-6, indexing...
org.codehaus.plexus:plexus-utils:1.4 indexed.
org.codehaus.plexus:plexus-utils:1.4.1 is dependency of org.apache.maven:maven-artifact:2.0.7, indexing...
org.codehaus.plexus:plexus-utils:1.4.1 indexed.
org.codehaus.plexus:plexus-utils:1.4.1 is dependency of org.apache.maven:maven-model:2.0.7, indexing...
org.codehaus.plexus:plexus-utils:1.4.1 is dependency of org.apache.maven:maven-settings:2.0.7, indexing...
org.codehaus.plexus:plexus-utils:1.4.1 is dependency of org.apache.maven:maven-artifact-manager:2.0.7, indexing...
org.codehaus.plexus:plexus-utils:1.4.1 is dependency of org.apache.maven:maven-repository-metadata:2.0.7, indexing...
org.codehaus.plexus:plexus-utils:1.4.1 is dependency of org.apache.maven:maven-project:2.0.7, indexing...
org.codehaus.plexus:plexus-utils:1.4.1 is dependency of org.apache.maven:maven-profile:2.0.7, indexing...
org.codehaus.plexus:plexus-utils:1.4.1 is dependency of org.apache.maven:maven-plugin-registry:2.0.7, indexing...
org.codehaus.plexus:plexus-utils:1.4.5 is dependency of org.codehaus.plexus:plexus-container-default:1.5.5, indexing...
org.codehaus.plexus:plexus-utils:1.4.5 indexed.
org.codehaus.plexus:plexus-utils:1.4.7 is dependency of org.apache.felix:maven-obr-plugin:1.2.0, indexing...
org.codehaus.plexus:plexus-utils:1.4.7 indexed.
org.codehaus.plexus:plexus-utils:1.5.5 is dependency of org.sonatype.plexus:plexus-sec-dispatcher:1.4, indexing...
org.codehaus.plexus:plexus-utils:1.5.5 indexed.
org.codehaus.plexus:plexus-utils:1.5.5 is dependency of org.sonatype.plexus:plexus-sec-dispatcher:1.3, indexing...
org.codehaus.plexus:plexus-utils:2.0.4 is dependency of org.apache.maven:maven-artifact:3.0, indexing...
org.codehaus.plexus:plexus-utils:2.0.4 indexed.
org.codehaus.plexus:plexus-utils:2.0.4 is dependency of org.apache.maven:maven-model:3.0, indexing...
org.codehaus.plexus:plexus-utils:2.0.4 is dependency of org.apache.maven:maven-settings:3.0, indexing...
org.codehaus.plexus:plexus-utils:2.0.4 is dependency of org.apache.maven:maven-settings-builder:3.0, indexing...
org.codehaus.plexus:plexus-utils:2.0.4 is dependency of org.apache.maven:maven-repository-metadata:3.0, indexing...
org.codehaus.plexus:plexus-utils:2.0.4 is dependency of org.apache.maven:maven-model-builder:3.0, indexing...
org.codehaus.plexus:plexus-utils:2.0.5 is dependency of org.sonatype.sisu:sisu-inject-plexus:1.4.2, indexing...
org.codehaus.plexus:plexus-utils:2.0.5 indexed.
org.codehaus.plexus:plexus-utils:3.0.17 is dependency of org.eclipse.sisu:org.eclipse.sisu.plexus:0.3.3, indexing...
org.codehaus.plexus:plexus-utils:3.0.17 indexed.
org.codehaus.plexus:plexus-utils:3.0.24 is dependency of org.apache.maven:maven-model:3.5.0, indexing...
org.codehaus.plexus:plexus-utils:3.0.24 indexed.
org.codehaus.plexus:plexus-utils:3.0.24 is dependency of org.apache.maven:maven-settings:3.5.0, indexing...
org.codehaus.plexus:plexus-utils:3.0.24 is dependency of org.apache.maven:maven-artifact:3.5.0, indexing...
org.codehaus.plexus:plexus-utils:3.0.24 is dependency of org.apache.maven:maven-core:3.5.0, indexing...
org.codehaus.plexus:plexus-utils:3.0.24 is dependency of org.apache.maven:maven-repository-metadata:3.5.0, indexing...
org.codehaus.plexus:plexus-utils:3.0.24 is dependency of org.apache.maven:maven-builder-support:3.5.0, indexing...
org.codehaus.plexus:plexus-utils:3.0.24 is dependency of org.apache.maven:maven-settings-builder:3.5.0, indexing...
org.codehaus.plexus:plexus-utils:3.0.24 is dependency of org.apache.maven:maven-model-builder:3.5.0, indexing...
org.codehaus.plexus:plexus-utils:3.0.24 is dependency of org.apache.maven:maven-resolver-provider:3.5.0, indexing...
org.codehaus.plexus:plexus-utils:3.0.24 is dependency of org.apache.maven.wagon:wagon-provider-api:2.12, indexing...
org.codehaus.plexus:plexus-utils:3.0.24 is dependency of org.apache.maven:maven-compat:3.5.0, indexing...
org.codehaus.plexus:plexus-utils:3.0.24 is dependency of org.codehaus.plexus:plexus-io:3.0.0, indexing...
org.codehaus.plexus:plexus-utils:3.0.24 is dependency of org.codehaus.plexus:plexus-archiver:3.5, indexing...
org.codehaus.plexus:plexus-utils:3.0.24 is dependency of org.apache.felix:osgicheck-maven-plugin:0.1.0, indexing...
